<?xml version="1.0" encoding="UTF-8"?>
<!-- Generated by org.testng.reporters.JUnitXMLReporter -->
<testsuite hostname="Rohit" ignored="0" name="Default test" tests="5" failures="0" timestamp="2024-01-24T17:52:34 IST" time="4.095" errors="0">
  <testcase name="verifyURL" time="0.015" classname="TestCases.TestCase_01"/>
  <testcase name="getTitle" time="0.015" classname="TestCases.TestCase_01"/>
  <testcase name="verify_loginPage" time="0.05" classname="TestCases.TestCase_01"/>
  <testcase name="fillForm" time="3.939" classname="TestCases.TestCase_01"/>
  <testcase name="verifyLogin" time="0.03" classname="TestCases.TestCase_01"/>
</testsuite> <!-- Default test -->
