<?xml version="1.0" encoding="UTF-8"?>
<testng-results skipped="0" failed="0" ignored="0" total="5" passed="5">
  <reporter-output>
  </reporter-output>
  <suite name="Default suite" duration-ms="4095" started-at="2024-01-24T17:52:30 IST" finished-at="2024-01-24T17:52:34 IST">
    <groups>
    </groups>
    <test name="Default test" duration-ms="4095" started-at="2024-01-24T17:52:30 IST" finished-at="2024-01-24T17:52:34 IST">
      <class name="TestCases.TestCase_01">
        <test-method status="PASS" signature="verifyURL()[pri:1, instance:TestCases.TestCase_01@1df23d3]" name="verifyURL" duration-ms="15" started-at="2024-01-24T17:52:30 IST" finished-at="2024-01-24T17:52:30 IST">
          <reporter-output>
          </reporter-output>
        </test-method> <!-- verifyURL -->
        <test-method status="PASS" signature="getTitle()[pri:2, instance:TestCases.TestCase_01@1df23d3]" name="getTitle" duration-ms="15" started-at="2024-01-24T17:52:30 IST" finished-at="2024-01-24T17:52:30 IST">
          <reporter-output>
          </reporter-output>
        </test-method> <!-- getTitle -->
        <test-method status="PASS" signature="verify_loginPage()[pri:3, instance:TestCases.TestCase_01@1df23d3]" name="verify_loginPage" duration-ms="50" started-at="2024-01-24T17:52:30 IST" finished-at="2024-01-24T17:52:30 IST">
          <reporter-output>
          </reporter-output>
        </test-method> <!-- verify_loginPage -->
        <test-method status="PASS" signature="fillForm()[pri:4, instance:TestCases.TestCase_01@1df23d3]" name="fillForm" duration-ms="3939" started-at="2024-01-24T17:52:30 IST" finished-at="2024-01-24T17:52:34 IST">
          <reporter-output>
          </reporter-output>
        </test-method> <!-- fillForm -->
        <test-method status="PASS" signature="verifyLogin()[pri:5, instance:TestCases.TestCase_01@1df23d3]" name="verifyLogin" duration-ms="30" started-at="2024-01-24T17:52:34 IST" finished-at="2024-01-24T17:52:34 IST">
          <reporter-output>
          </reporter-output>
        </test-method> <!-- verifyLogin -->
      </class> <!-- TestCases.TestCase_01 -->
    </test> <!-- Default test -->
  </suite> <!-- Default suite -->
</testng-results>
